         650223 function calls (648759 primitive calls) in 45.561 seconds

   Ordered by: standard name

   ncalls  tottime  percall  cumtime  percall filename:lineno(function)
     4880    0.012    0.000    0.035    0.000 <frozen importlib._bootstrap>:1009(_handle_fromlist)
        1    0.000    0.000    0.000    0.000 <frozen importlib._bootstrap>:103(release)
        1    0.000    0.000    0.000    0.000 <frozen importlib._bootstrap>:143(__init__)
        1    0.000    0.000    0.000    0.000 <frozen importlib._bootstrap>:147(__enter__)
        1    0.000    0.000    0.000    0.000 <frozen importlib._bootstrap>:151(__exit__)
        1    0.000    0.000    0.000    0.000 <frozen importlib._bootstrap>:157(_get_module_lock)
        1    0.000    0.000    0.000    0.000 <frozen importlib._bootstrap>:176(cb)
        1    0.000    0.000    0.000    0.000 <frozen importlib._bootstrap>:211(_call_with_frames_removed)
        7    0.000    0.000    0.000    0.000 <frozen importlib._bootstrap>:222(_verbose_message)
        1    0.000    0.000    0.000    0.000 <frozen importlib._bootstrap>:307(__init__)
        1    0.000    0.000    0.000    0.000 <frozen importlib._bootstrap>:311(__enter__)
        1    0.000    0.000    0.000    0.000 <frozen importlib._bootstrap>:318(__exit__)
        4    0.000    0.000    0.000    0.000 <frozen importlib._bootstrap>:321(<genexpr>)
        1    0.000    0.000    0.000    0.000 <frozen importlib._bootstrap>:35(_new_module)
        1    0.000    0.000    0.000    0.000 <frozen importlib._bootstrap>:369(__init__)
        2    0.000    0.000    0.000    0.000 <frozen importlib._bootstrap>:403(cached)
     4881    0.015    0.000    0.024    0.000 <frozen importlib._bootstrap>:416(parent)
        1    0.000    0.000    0.000    0.000 <frozen importlib._bootstrap>:424(has_location)
        1    0.000    0.000    0.000    0.000 <frozen importlib._bootstrap>:504(_init_module_attrs)
        1    0.000    0.000    0.000    0.000 <frozen importlib._bootstrap>:576(module_from_spec)
        1    0.000    0.000    0.000    0.000 <frozen importlib._bootstrap>:58(__init__)
        1    0.000    0.000    0.001    0.001 <frozen importlib._bootstrap>:663(_load_unlocked)
        1    0.000    0.000    0.000    0.000 <frozen importlib._bootstrap>:719(find_spec)
        1    0.000    0.000    0.000    0.000 <frozen importlib._bootstrap>:78(acquire)
        1    0.000    0.000    0.000    0.000 <frozen importlib._bootstrap>:792(find_spec)
        3    0.000    0.000    0.000    0.000 <frozen importlib._bootstrap>:855(__enter__)
        3    0.000    0.000    0.000    0.000 <frozen importlib._bootstrap>:859(__exit__)
        1    0.000    0.000    0.000    0.000 <frozen importlib._bootstrap>:882(_find_spec)
        1    0.000    0.000    0.001    0.001 <frozen importlib._bootstrap>:948(_find_and_load_unlocked)
        1    0.000    0.000    0.001    0.001 <frozen importlib._bootstrap>:978(_find_and_load)
        1    0.000    0.000    0.000    0.000 <frozen importlib._bootstrap_external>:1203(_path_importer_cache)
        1    0.000    0.000    0.000    0.000 <frozen importlib._bootstrap_external>:1240(_get_spec)
        1    0.000    0.000    0.000    0.000 <frozen importlib._bootstrap_external>:1272(find_spec)
        1    0.000    0.000    0.000    0.000 <frozen importlib._bootstrap_external>:1351(_get_spec)
        1    0.000    0.000    0.000    0.000 <frozen importlib._bootstrap_external>:1356(find_spec)
        2    0.000    0.000    0.000    0.000 <frozen importlib._bootstrap_external>:271(cache_from_source)
        1    0.000    0.000    0.000    0.000 <frozen importlib._bootstrap_external>:369(_get_cached)
        1    0.000    0.000    0.000    0.000 <frozen importlib._bootstrap_external>:40(_relax_case)
        1    0.000    0.000    0.000    0.000 <frozen importlib._bootstrap_external>:401(_check_name_wrapper)
        1    0.000    0.000    0.000    0.000 <frozen importlib._bootstrap_external>:438(_classify_pyc)
        1    0.000    0.000    0.000    0.000 <frozen importlib._bootstrap_external>:471(_validate_timestamp_pyc)
        3    0.000    0.000    0.000    0.000 <frozen importlib._bootstrap_external>:51(_r_long)
        1    0.000    0.000    0.000    0.000 <frozen importlib._bootstrap_external>:523(_compile_bytecode)
        6    0.000    0.000    0.000    0.000 <frozen importlib._bootstrap_external>:56(_path_join)
        1    0.000    0.000    0.000    0.000 <frozen importlib._bootstrap_external>:574(spec_from_file_location)
        6    0.000    0.000    0.000    0.000 <frozen importlib._bootstrap_external>:58(<listcomp>)
        2    0.000    0.000    0.000    0.000 <frozen importlib._bootstrap_external>:62(_path_split)
        1    0.000    0.000    0.000    0.000 <frozen importlib._bootstrap_external>:719(create_module)
        1    0.000    0.000    0.000    0.000 <frozen importlib._bootstrap_external>:722(exec_module)
        3    0.000    0.000    0.000    0.000 <frozen importlib._bootstrap_external>:74(_path_stat)
        1    0.000    0.000    0.000    0.000 <frozen importlib._bootstrap_external>:793(get_code)
        1    0.000    0.000    0.000    0.000 <frozen importlib._bootstrap_external>:84(_path_is_mode_type)
        1    0.000    0.000    0.000    0.000 <frozen importlib._bootstrap_external>:884(__init__)
        1    0.000    0.000    0.000    0.000 <frozen importlib._bootstrap_external>:909(get_filename)
        1    0.000    0.000    0.000    0.000 <frozen importlib._bootstrap_external>:914(get_data)
        1    0.000    0.000    0.000    0.000 <frozen importlib._bootstrap_external>:93(_path_isfile)
        1    0.000    0.000    0.000    0.000 <frozen importlib._bootstrap_external>:951(path_stats)
        1    0.000    0.000    0.000    0.000 <string>:1(<module>)
        1    0.000    0.000    0.000    0.000 <string>:1(__new__)
        1    0.000    0.000    0.000    0.000 CVGridSearch.py:12(<listcomp>)
        1    0.000    0.000    0.025    0.025 CVGridSearch.py:13(<listcomp>)
        1    0.000    0.000    2.119    2.119 CVGridSearch.py:33(fit)
        1    0.000    0.000    0.000    0.000 CVGridSearch.py:35(<listcomp>)
        1    0.000    0.000    0.000    0.000 CVGridSearch.py:39(<listcomp>)
        1    0.000    0.000    0.025    0.025 CVGridSearch.py:9(__init__)
     2400    0.014    0.000    0.055    0.000 __init__.py:181(safe_indexing)
        2    0.000    0.000    0.000    0.000 __init__.py:212(_acquireLock)
        2    0.000    0.000    0.000    0.000 __init__.py:221(_releaseLock)
        4    0.000    0.000    0.001    0.000 __init__.py:253(_at_fork_weak_calls)
        2    0.000    0.000    0.000    0.000 __init__.py:264(_before_at_fork_weak_calls)
        2    0.000    0.000    0.001    0.001 __init__.py:268(_after_at_fork_weak_calls)
        8    0.000    0.000    0.001    0.000 __init__.py:8(_make_name)
        4    0.000    0.000    0.000    0.000 __init__.py:849(acquire)
        4    0.000    0.000    0.000    0.000 __init__.py:856(release)
        1    0.000    0.000    0.000    0.000 _collections_abc.py:252(__subclasshook__)
        6    0.000    0.000    0.000    0.000 _collections_abc.py:302(__subclasshook__)
        2    0.000    0.000    0.000    0.000 _collections_abc.py:392(__subclasshook__)
        1    0.000    0.000    0.000    0.000 _collections_abc.py:72(_check_methods)
     3663    0.008    0.000    0.012    0.000 _config.py:13(get_config)
     1219    0.006    0.000    0.006    0.000 _internal.py:886(npy_ctypes_check)
        2    0.000    0.000    0.000    0.000 _methods.py:26(_amax)
        2    0.000    0.000    0.000    0.000 _methods.py:30(_amin)
      638    0.002    0.000    0.017    0.000 _methods.py:34(_sum)
        7    0.000    0.000    0.000    0.000 _methods.py:42(_any)
      634    0.006    0.000    0.007    0.000 _methods.py:48(_count_reduce_items)
      634    0.016    0.000    0.044    0.000 _methods.py:58(_mean)
       10    0.000    0.000    0.000    0.000 _parallel_backends.py:135(retrieval_context)
        5    0.000    0.000    0.000    0.000 _parallel_backends.py:178(in_main_thread)
       10    0.000    0.000    0.000    0.000 _parallel_backends.py:193(effective_n_jobs)
      600    0.004    0.000    7.007    0.012 _parallel_backends.py:199(apply_async)
      600    0.010    0.000    0.038    0.000 _parallel_backends.py:206(get_nested_backend)
      605    0.006    0.000    0.008    0.000 _parallel_backends.py:273(__init__)
      610    0.001    0.000    0.001    0.000 _parallel_backends.py:37(__init__)
        5    0.000    0.000    0.000    0.000 _parallel_backends.py:498(configure)
        5    0.000    0.000    0.000    0.000 _parallel_backends.py:513(effective_n_jobs)
      600    0.002    0.000    6.990    0.012 _parallel_backends.py:579(__init__)
      600    0.001    0.000    0.001    0.000 _parallel_backends.py:584(get)
        5    0.000    0.000    0.000    0.000 _parallel_backends.py:622(__init__)
        5    0.000    0.000    0.000    0.000 _parallel_backends.py:68(configure)
        5    0.000    0.000    0.000    0.000 _parallel_backends.py:78(start_call)
        5    0.000    0.000    0.000    0.000 _parallel_backends.py:81(stop_call)
        5    0.000    0.000    0.000    0.000 _parallel_backends.py:84(terminate)
      605    0.001    0.000    0.001    0.000 _parallel_backends.py:87(compute_batch_size)
      600    0.001    0.000    0.001    0.000 _parallel_backends.py:91(batch_completed)
      178    0.001    0.000    0.001    0.000 _search.py:112(__iter__)
        5    0.000    0.000    0.000    0.000 _search.py:1135(__init__)
        5    0.000    0.000    7.548    1.510 _search.py:1147(_run_search)
        7    0.000    0.000    0.000    0.000 _search.py:132(__len__)
       14    0.000    0.000    0.000    0.000 _search.py:136(<genexpr>)
        5    0.000    0.000    0.000    0.000 _search.py:358(_check_param_grid)
        5    0.000    0.000    0.000    0.000 _search.py:382(__init__)
        5    0.001    0.000    7.567    1.513 _search.py:583(fit)
        5    0.000    0.000    7.547    1.509 _search.py:651(evaluate_candidates)
      605    0.012    0.000    0.324    0.001 _search.py:660(<genexpr>)
        5    0.001    0.000    0.018    0.004 _search.py:729(_format_results)
       15    0.001    0.000    0.008    0.001 _search.py:748(_store)
        7    0.000    0.000    0.000    0.000 _search.py:89(__init__)
        5    0.000    0.000    0.002    0.000 _split.py:1940(check_cv)
       16    0.000    0.000    0.000    0.000 _split.py:281(__init__)
    90/30    0.000    0.000    0.016    0.001 _split.py:303(split)
        5    0.000    0.000    0.000    0.000 _split.py:338(get_n_splits)
       11    0.000    0.000    0.000    0.000 _split.py:428(__init__)
       60    0.001    0.000    0.001    0.000 _split.py:435(_iter_test_indices)
        5    0.000    0.000    0.000    0.000 _split.py:627(__init__)
    90/30    0.001    0.000    0.015    0.000 _split.py:63(split)
        5    0.003    0.001    0.013    0.003 _split.py:633(_make_test_folds)
        5    0.000    0.000    0.001    0.000 _split.py:666(<listcomp>)
       30    0.000    0.000    0.013    0.000 _split.py:685(_iter_test_masks)
        5    0.000    0.000    0.001    0.000 _split.py:690(split)
       60    0.001    0.000    0.003    0.000 _split.py:96(_iter_test_masks)
        5    0.000    0.000    0.000    0.000 _validation.py:1507(_aggregate_score_dicts)
        5    0.000    0.000    0.000    0.000 _validation.py:1530(<dictcomp>)
        5    0.000    0.000    0.000    0.000 _validation.py:1530(<listcomp>)
      600    0.027    0.000    6.956    0.012 _validation.py:395(_fit_and_score)
      600    0.001    0.000    0.001    0.000 _validation.py:498(<dictcomp>)
      600    0.002    0.000    5.901    0.010 _validation.py:592(_score)
      600    0.009    0.000    5.899    0.010 _validation.py:621(_multimetric_score)
        4    0.000    0.000    0.000    0.000 _weakrefset.py:16(__init__)
        4    0.000    0.000    0.000    0.000 _weakrefset.py:20(__enter__)
        4    0.000    0.000    0.000    0.000 _weakrefset.py:26(__exit__)
        8    0.000    0.000    0.000    0.000 _weakrefset.py:38(_remove)
        4    0.000    0.000    0.000    0.000 _weakrefset.py:52(_commit_removals)
       12    0.000    0.000    0.001    0.000 _weakrefset.py:58(__iter__)
        8    0.000    0.000    0.000    0.000 _weakrefset.py:81(add)
     8664    0.014    0.000    0.067    0.000 abc.py:137(__instancecheck__)
6841/6833    0.011    0.000    0.028    0.000 abc.py:141(__subclasscheck__)
     3671    0.008    0.000    0.011    0.000 arraysetops.py:138(_unpack_tuple)
     3671    0.026    0.000    0.238    0.000 arraysetops.py:151(unique)
     3671    0.106    0.000    0.175    0.000 arraysetops.py:299(_unique1d)
      601    0.004    0.000    0.042    0.000 arraysetops.py:704(union1d)
        1    0.000    0.000    0.000    0.000 base.py:1171(_process_toarray_args)
     3768    0.007    0.000    0.011    0.000 base.py:1185(isspmatrix)
     1978    0.034    0.000    0.367    0.000 base.py:150(_get_param_names)
     1978    0.017    0.000    0.024    0.000 base.py:164(<listcomp>)
     1978    0.006    0.000    0.008    0.000 base.py:175(<listcomp>)
     1978    0.019    0.000    0.390    0.000 base.py:177(get_params)
      656    0.009    0.000    0.133    0.000 base.py:200(set_params)
        2    0.000    0.000    0.000    0.000 base.py:241(nnz)
 1983/661    0.023    0.000    0.310    0.000 base.py:32(clone)
      600    0.011    0.000    5.877    0.010 base.py:332(score)
        5    0.000    0.000    0.000    0.000 base.py:621(is_classifier)
        1    0.000    0.000    0.000    0.000 base.py:70(__init__)
        6    0.000    0.000    0.000    0.000 base.py:84(get_shape)
      600    0.003    0.000    0.055    0.000 classification.py:106(_weighted_sum)
      600    0.009    0.000    0.432    0.001 classification.py:115(accuracy_score)
        1    0.000    0.000    0.004    0.004 classification.py:187(confusion_matrix)
        1    0.000    0.000    0.000    0.000 classification.py:272(<dictcomp>)
        1    0.001    0.001    0.001    0.001 classification.py:274(<listcomp>)
        1    0.001    0.001    0.001    0.001 classification.py:275(<listcomp>)
      601    0.016    0.000    0.301    0.001 classification.py:44(_check_targets)
        1    0.000    0.000    0.000    0.000 codecs.py:260(__init__)
        1    0.000    0.000    0.000    0.000 codecs.py:309(__init__)
       10    0.000    0.000    0.000    0.000 codecs.py:319(decode)
        8    0.000    0.000    0.000    0.000 connection.py:117(__init__)
        8    0.000    0.000    0.000    0.000 connection.py:130(__del__)
        4    0.000    0.000    0.000    0.000 connection.py:134(_check_closed)
        1    0.000    0.000    0.000    0.000 connection.py:138(_check_readable)
        2    0.000    0.000    0.000    0.000 connection.py:142(_check_writable)
        1    0.000    0.000    0.000    0.000 connection.py:168(fileno)
        2    0.000    0.000    0.000    0.000 connection.py:181(send_bytes)
        1    0.000    0.000    0.000    0.000 connection.py:253(poll)
        8    0.000    0.000    0.000    0.000 connection.py:360(_close)
        2    0.000    0.000    0.000    0.000 connection.py:365(_send)
        2    0.000    0.000    0.000    0.000 connection.py:390(_send_bytes)
        1    0.000    0.000    0.000    0.000 connection.py:413(_poll)
        4    0.000    0.000    0.000    0.000 connection.py:506(Pipe)
        1    0.000    0.000    0.000    0.000 connection.py:906(wait)
        4    0.000    0.000    0.003    0.001 context.py:109(SimpleQueue)
        2    0.000    0.000    0.022    0.011 context.py:114(Pool)
       12    0.000    0.000    0.000    0.000 context.py:186(get_context)
        8    0.000    0.000    0.000    0.000 context.py:196(get_start_method)
        7    0.000    0.000    0.000    0.000 context.py:232(get_context)
        2    0.000    0.000    0.012    0.006 context.py:274(_Popen)
        8    0.000    0.000    0.003    0.000 context.py:64(Lock)
        5    0.000    0.000    0.000    0.000 contextlib.py:107(__enter__)
        5    0.000    0.000    0.000    0.000 contextlib.py:116(__exit__)
        5    0.000    0.000    0.000    0.000 contextlib.py:237(helper)
        5    0.000    0.000    0.000    0.000 contextlib.py:81(__init__)
        1    0.000    0.000    0.001    0.001 coo.py:126(__init__)
        2    0.000    0.000    0.000    0.000 coo.py:228(getnnz)
        1    0.000    0.000    0.000    0.000 coo.py:254(_check)
        1    0.000    0.000    0.000    0.000 coo.py:308(toarray)
     1322    0.009    0.000    0.013    0.000 copy.py:132(deepcopy)
     1322    0.001    0.000    0.001    0.000 copy.py:190(_deepcopy_atomic)
        5    0.000    0.000    0.000    0.000 core.py:1282(_replace_dtype_fields_recursive)
        5    0.000    0.000    0.000    0.000 core.py:1314(_replace_dtype_fields)
        5    0.000    0.000    0.000    0.000 core.py:1328(make_mask_descr)
      125    0.000    0.000    0.000    0.000 core.py:1361(getmask)
        5    0.000    0.000    0.001    0.000 core.py:2775(__new__)
        5    0.000    0.000    0.000    0.000 core.py:2905(_update_from)
        5    0.000    0.000    0.000    0.000 core.py:2931(__array_finalize__)
      120    0.001    0.000    0.002    0.000 core.py:3283(__setitem__)
       10    0.000    0.000    0.000    0.000 core.py:3349(dtype)
       10    0.000    0.000    0.000    0.000 core.py:3365(shape)
      120    0.000    0.000    0.001    0.000 core.py:3564(_get_data)
        1    0.000    0.000    0.000    0.000 data.py:22(__init__)
        1    0.000    0.000    0.000    0.000 data.py:25(_get_dtype)
        3    0.000    0.000    0.107    0.036 dataGenerator.py:14(_generateX)
     3200    0.052    0.000    0.100    0.000 dataGenerator.py:16(<lambda>)
        3    0.006    0.002    0.106    0.035 dataGenerator.py:17(<listcomp>)
     3200    0.110    0.000    0.284    0.000 dataGenerator.py:19(_bayesDecision)
        3    0.000    0.000    0.290    0.097 dataGenerator.py:26(_bayesY)
        3    0.006    0.002    0.290    0.097 dataGenerator.py:27(<listcomp>)
        3    0.000    0.000    0.402    0.134 dataGenerator.py:29(_getData)
        1    0.000    0.000    0.000    0.000 dataGenerator.py:6(__init__)
        3    0.000    0.000    0.000    0.000 dataGenerator.py:9(_generateY)
        5    0.000    0.000    0.000    0.000 disk.py:41(memstr_to_bytes)
     5934    0.017    0.000    0.024    0.000 enum.py:284(__call__)
     5934    0.007    0.000    0.007    0.000 enum.py:526(__new__)
        1    0.000    0.000    0.000    0.000 experiments.py:11(__init__)
        1    0.000    0.000    0.402    0.402 experiments.py:14(_getData)
        1    0.000    0.000    2.643    2.643 experiments.py:49(_QLabledClassifier)
        1    0.000    0.000    3.555    3.555 experiments.py:60(_QUnlabeledClassifier)
        1    0.000    0.000   36.266   36.266 experiments.py:72(_MixtureClassifier)
        1    0.000    0.000    0.793    0.793 experiments.py:82(_ClassicalClassifier)
        1    0.000    0.000    1.902    1.902 experiments.py:92(_OracleClassifierNoTargetLabel)
     3658    0.028    0.000    0.230    0.000 extmath.py:663(_safe_accumulator_op)
      607    0.003    0.000    0.016    0.000 fromnumeric.py:1041(argmax)
        2    0.000    0.000    0.000    0.000 fromnumeric.py:1110(argmin)
     1212    0.006    0.000    0.016    0.000 fromnumeric.py:1583(ravel)
        5    0.000    0.000    0.000    0.000 fromnumeric.py:1694(nonzero)
     1207    0.001    0.000    0.001    0.000 fromnumeric.py:1785(shape)
    10058    0.053    0.000    0.312    0.000 fromnumeric.py:1966(sum)
       22    0.000    0.000    0.001    0.000 fromnumeric.py:2083(any)
       20    0.000    0.000    0.001    0.000 fromnumeric.py:2171(all)
        5    0.000    0.000    0.000    0.000 fromnumeric.py:2252(cumsum)
        5    0.000    0.000    0.000    0.000 fromnumeric.py:2512(amin)
       11    0.000    0.000    0.000    0.000 fromnumeric.py:2847(ndim)
        9    0.000    0.000    0.001    0.000 fromnumeric.py:3014(mean)
      624    0.003    0.000    0.013    0.000 fromnumeric.py:54(_wrapfunc)
    10105    0.066    0.000    0.251    0.000 fromnumeric.py:69(_wrapreduction)
    10105    0.019    0.000    0.019    0.000 fromnumeric.py:70(<dictcomp>)
      612    0.004    0.000    0.014    0.000 fromnumeric.py:815(sort)
        5    0.000    0.000    0.000    0.000 fromnumeric.py:942(argsort)
        7    0.000    0.000    0.000    0.000 function_base.py:20(_index_deprecate)
       15    0.000    0.000    0.000    0.000 function_base.py:258(iterable)
      640    0.007    0.000    0.057    0.000 function_base.py:294(average)
        7    0.001    0.000    0.002    0.000 function_base.py:37(linspace)
      600    0.010    0.000    0.019    0.000 functools.py:37(update_wrapper)
      600    0.002    0.000    0.002    0.000 functools.py:67(wraps)
        4    0.000    0.000    0.000    0.000 getlimits.py:497(__init__)
        2    0.000    0.000    0.000    0.000 getlimits.py:508(min)
        2    0.000    0.000    0.000    0.000 getlimits.py:522(max)
       10    0.000    0.000    0.001    0.000 index_tricks.py:316(__getitem__)
     3956    0.007    0.000    0.010    0.000 inspect.py:158(isfunction)
     1978    0.068    0.000    0.207    0.000 inspect.py:2117(_signature_from_function)
     1978    0.037    0.000    0.274    0.000 inspect.py:2198(_signature_from_callable)
     5934    0.046    0.000    0.079    0.000 inspect.py:2467(__init__)
    15824    0.011    0.000    0.011    0.000 inspect.py:2517(name)
     7912    0.005    0.000    0.005    0.000 inspect.py:2529(kind)
     1978    0.026    0.000    0.043    0.000 inspect.py:2750(__init__)
     7912    0.013    0.000    0.018    0.000 inspect.py:2799(<genexpr>)
     1978    0.005    0.000    0.280    0.000 inspect.py:2829(from_callable)
     1978    0.002    0.000    0.002    0.000 inspect.py:2835(parameters)
     1978    0.006    0.000    0.286    0.000 inspect.py:3081(signature)
     1978    0.012    0.000    0.020    0.000 inspect.py:484(unwrap)
     1978    0.004    0.000    0.005    0.000 inspect.py:504(_is_wrapper)
     1226    0.320    0.000    0.629    0.001 kde.py:116(fit)
     1216    0.064    0.000    7.170    0.006 kde.py:150(score_samples)
     1226    0.013    0.000    0.016    0.000 kde.py:73(__init__)
     2452    0.005    0.000    0.005    0.000 kde.py:96(_choose_algorithm)
      622    0.001    0.000    0.001    0.000 kdeClassifier.py:19(__init__)
      612    0.033    0.000    0.839    0.001 kdeClassifier.py:23(fit)
      612    0.064    0.000    0.064    0.000 kdeClassifier.py:25(<listcomp>)
      612    0.013    0.000    0.656    0.001 kdeClassifier.py:26(<listcomp>)
      612    0.012    0.000    0.012    0.000 kdeClassifier.py:30(<listcomp>)
      607    0.044    0.000    6.757    0.011 kdeClassifier.py:34(predict_proba)
      607    0.005    0.000    6.680    0.011 kdeClassifier.py:35(<listcomp>)
      605    0.008    0.000    6.313    0.010 kdeClassifier.py:40(predict)
        4    0.000    0.000    0.000    0.000 kdeClassifier.py:52(__init__)
        4    0.001    0.000    4.449    1.112 kdeClassifier.py:55(fit)
        1    0.000    0.000    0.141    0.141 kdeClassifier.py:81(predict)
        1    0.000    0.000    0.000    0.000 linalg.py:111(get_linalg_error_extobj)
        1    0.000    0.000    0.000    0.000 linalg.py:116(_makearray)
        2    0.000    0.000    0.000    0.000 linalg.py:121(isComplexType)
        1    0.000    0.000    0.000    0.000 linalg.py:134(_realType)
        1    0.000    0.000    0.000    0.000 linalg.py:144(_commonType)
        1    0.000    0.000    0.000    0.000 linalg.py:203(_assertRankAtLeast2)
        1    0.000    0.000    0.000    0.000 linalg.py:209(_assertNdSquareness)
        1    0.000    0.000    0.000    0.000 linalg.py:486(inv)
        5    0.000    0.000    0.001    0.000 linecache.py:15(getline)
        5    0.000    0.000    0.001    0.000 linecache.py:37(getlines)
        1    0.000    0.000    0.001    0.001 linecache.py:82(updatecache)
        5    0.000    0.000    0.000    0.000 logger.py:23(_squeeze_time)
        5    0.000    0.000    0.000    0.000 logger.py:39(short_format_time)
     1200    0.008    0.000    0.064    0.000 metaestimators.py:145(_safe_split)
       13    0.000    0.000    0.000    0.000 mixtureClassifier.py:15(__init__)
        1    0.000    0.000    0.656    0.656 mixtureClassifier.py:19(fit)
        1    0.000    0.000    0.467    0.467 mixtureClassifier.py:26(predict_proba)
        1    0.000    0.000    0.468    0.468 mixtureClassifier.py:33(predict)
        1    0.000    0.000    0.000    0.000 mixtureClassifier.py:43(__init__)
        1    0.000    0.000   35.798   35.798 mixtureClassifier.py:64(fit)
        1    0.000    0.000    0.006    0.006 mixtureClassifier.py:74(<listcomp>)
        1    0.000    0.000    0.000    0.000 mixtureClassifier.py:76(<listcomp>)
        1    0.000    0.000    0.000    0.000 mixtureClassifier.py:80(<listcomp>)
        1    0.000    0.000    0.468    0.468 mixtureClassifier.py:85(predict)
     1214    0.006    0.000    0.013    0.000 multiclass.py:109(is_multilabel)
     1214    0.035    0.000    0.136    0.000 multiclass.py:172(type_of_target)
        2    0.000    0.000    0.000    0.000 multiclass.py:22(_unique_multiclass)
        1    0.000    0.000    0.001    0.001 multiclass.py:40(unique_labels)
        3    0.000    0.000    0.000    0.000 multiclass.py:75(<genexpr>)
        3    0.000    0.000    0.000    0.000 multiclass.py:96(<genexpr>)
        3    0.000    0.000    0.000    0.000 multiclass.py:99(<genexpr>)
        6    0.000    0.000    0.000    0.000 numeric.py:175(ones)
        7    0.000    0.000    0.000    0.000 numeric.py:2035(isscalar)
        5    0.000    0.000    0.001    0.000 numeric.py:2355(allclose)
        5    0.000    0.000    0.001    0.000 numeric.py:2431(isclose)
        5    0.000    0.000    0.001    0.000 numeric.py:2508(within_tol)
       10    0.000    0.000    0.000    0.000 numeric.py:2656(seterr)
       10    0.000    0.000    0.000    0.000 numeric.py:2758(geterr)
     1226    0.009    0.000    0.029    0.000 numeric.py:293(full)
        5    0.000    0.000    0.000    0.000 numeric.py:3054(__init__)
        5    0.000    0.000    0.000    0.000 numeric.py:3058(__enter__)
        5    0.000    0.000    0.000    0.000 numeric.py:3063(__exit__)
     7343    0.014    0.000    0.043    0.000 numeric.py:469(asarray)
    14142    0.024    0.000    0.059    0.000 numeric.py:541(asanyarray)
     7316    0.018    0.000    0.029    0.000 numerictypes.py:293(issubclass_)
     3658    0.022    0.000    0.053    0.000 numerictypes.py:365(issubdtype)
       20    0.000    0.000    0.000    0.000 numerictypes.py:578(_can_coerce_all)
       10    0.000    0.000    0.000    0.000 numerictypes.py:602(find_common_type)
       10    0.000    0.000    0.000    0.000 numerictypes.py:654(<listcomp>)
       10    0.000    0.000    0.000    0.000 numerictypes.py:655(<listcomp>)
      600    0.004    0.000    0.007    0.000 parallel.py:179(__init__)
      600    0.001    0.000    0.001    0.000 parallel.py:211(__enter__)
      600    0.002    0.000    0.007    0.000 parallel.py:214(__exit__)
      600    0.003    0.000    0.005    0.000 parallel.py:217(unregister)
      600    0.004    0.000    0.005    0.000 parallel.py:240(__init__)
      600    0.009    0.000    6.987    0.012 parallel.py:251(__call__)
      600    0.008    0.000    6.964    0.012 parallel.py:255(<listcomp>)
     1800    0.002    0.000    0.002    0.000 parallel.py:258(__len__)
      600    0.006    0.000    0.027    0.000 parallel.py:295(delayed)
      600    0.001    0.000    0.001    0.000 parallel.py:305(delayed_function)
      600    0.001    0.000    0.001    0.000 parallel.py:326(__init__)
      600    0.010    0.000    0.013    0.000 parallel.py:331(__call__)
        5    0.000    0.000    0.001    0.000 parallel.py:615(__init__)
        5    0.000    0.000    0.000    0.000 parallel.py:697(__enter__)
        5    0.000    0.000    0.000    0.000 parallel.py:702(__exit__)
     10/5    0.000    0.000    0.000    0.000 parallel.py:706(_initialize_backend)
        5    0.000    0.000    0.000    0.000 parallel.py:726(_effective_n_jobs)
        5    0.000    0.000    0.000    0.000 parallel.py:731(_terminate_backend)
      600    0.011    0.000    7.024    0.012 parallel.py:735(_dispatch)
      605    0.028    0.000    7.477    0.012 parallel.py:772(dispatch_one_batch)
      605    0.008    0.000    0.019    0.000 parallel.py:81(get_active_backend)
       10    0.000    0.000    0.000    0.000 parallel.py:837(_print)
      600    0.001    0.000    0.001    0.000 parallel.py:850(print_progress)
        5    0.005    0.001    0.008    0.002 parallel.py:893(retrieve)
        5    0.025    0.005    7.511    1.502 parallel.py:941(__call__)
        2    0.000    0.000    0.000    0.000 pool.py:152(Process)
        2    0.001    0.000    0.022    0.011 pool.py:155(__init__)
        2    0.000    0.000    0.013    0.006 pool.py:227(_repopulate_pool)
        2    0.000    0.000    0.003    0.001 pool.py:250(_setup_queues)
        2    0.000    0.000   35.541   17.771 pool.py:263(map)
        2    0.000    0.000    0.001    0.000 pool.py:375(_map_async)
        2    0.000    0.000    0.124    0.062 pool.py:544(terminate)
        2    0.000    0.000    0.069    0.034 pool.py:562(_help_stuff_finish)
        2    0.000    0.000    0.124    0.062 pool.py:571(_terminate_pool)
        2    0.000    0.000    0.000    0.000 pool.py:619(__enter__)
        2    0.000    0.000    0.124    0.062 pool.py:622(__exit__)
        2    0.000    0.000    0.000    0.000 pool.py:631(__init__)
        2    0.000    0.000    0.000    0.000 pool.py:639(ready)
        2    0.000    0.000   35.541   17.770 pool.py:647(wait)
        2    0.000    0.000   35.541   17.770 pool.py:650(get)
        2    0.000    0.000    0.000    0.000 pool.py:676(__init__)
        1    0.000    0.000    0.000    0.000 popen_fork.py:1(<module>)
        1    0.000    0.000    0.000    0.000 popen_fork.py:13(Popen)
        2    0.000    0.000    0.011    0.006 popen_fork.py:16(__init__)
        6    0.000    0.000    0.008    0.001 popen_fork.py:25(poll)
        2    0.000    0.000    0.008    0.004 popen_fork.py:41(wait)
        2    0.000    0.000    0.000    0.000 popen_fork.py:51(_send_signal)
        2    0.000    0.000    0.000    0.000 popen_fork.py:61(terminate)
        2    0.000    0.000    0.011    0.005 popen_fork.py:67(_launch)
        2    0.000    0.000    0.012    0.006 process.py:101(start)
        2    0.000    0.000    0.000    0.000 process.py:119(terminate)
        2    0.000    0.000    0.008    0.004 process.py:133(join)
        2    0.000    0.000    0.000    0.000 process.py:144(is_alive)
        2    0.000    0.000    0.000    0.000 process.py:180(name)
        2    0.000    0.000    0.000    0.000 process.py:184(name)
        5    0.000    0.000    0.000    0.000 process.py:189(daemon)
        2    0.000    0.000    0.000    0.000 process.py:196(daemon)
        2    0.000    0.000    0.000    0.000 process.py:215(exitcode)
        2    0.000    0.000    0.000    0.000 process.py:225(ident)
        5    0.000    0.000    0.000    0.000 process.py:36(current_process)
        2    0.000    0.000    0.000    0.000 process.py:53(_cleanup)
        2    0.000    0.000    0.000    0.000 process.py:72(__init__)
        4    0.000    0.000    0.000    0.000 process.py:85(<genexpr>)
       12    0.000    0.000    0.000    0.000 process.py:90(_check_closed)
      600    0.007    0.000    0.022    0.000 queue.py:121(put)
     1205    0.013    0.000    0.031    0.000 queue.py:153(get)
        5    0.000    0.000    0.000    0.000 queue.py:205(_init)
     1205    0.003    0.000    0.004    0.000 queue.py:208(_qsize)
      600    0.002    0.000    0.002    0.000 queue.py:212(_put)
      600    0.001    0.000    0.002    0.000 queue.py:216(_get)
        5    0.000    0.000    0.000    0.000 queue.py:33(__init__)
        4    0.000    0.000    0.003    0.001 queues.py:330(__init__)
        2    0.000    0.000    0.000    0.000 queues.py:356(put)
       64    0.000    0.000    0.000    0.000 random.py:224(_randbelow)
       64    0.000    0.000    0.001    0.000 random.py:256(choice)
        1    0.000    0.000    0.000    0.000 random.py:88(__init__)
        1    0.000    0.000    0.000    0.000 random.py:97(seed)
        2    0.000    0.000    0.000    0.000 reduction.py:38(__init__)
        2    0.000    0.000    0.000    0.000 reduction.py:48(dumps)
      600    0.003    0.000    5.880    0.010 scorer.py:238(_passthrough_scorer)
        5    0.000    0.000    0.000    0.000 scorer.py:243(check_scoring)
        5    0.000    0.000    0.000    0.000 scorer.py:305(_check_multimetric_scoring)
        1    0.000    0.000    0.000    0.000 selectors.py:199(__enter__)
        1    0.000    0.000    0.000    0.000 selectors.py:202(__exit__)
        1    0.000    0.000    0.000    0.000 selectors.py:209(__init__)
        1    0.000    0.000    0.000    0.000 selectors.py:21(_fileobj_to_fd)
        1    0.000    0.000    0.000    0.000 selectors.py:215(_fileobj_lookup)
        1    0.000    0.000    0.000    0.000 selectors.py:234(register)
        1    0.000    0.000    0.000    0.000 selectors.py:268(close)
        1    0.000    0.000    0.000    0.000 selectors.py:347(__init__)
        1    0.000    0.000    0.000    0.000 selectors.py:351(register)
        1    0.000    0.000    0.000    0.000 selectors.py:402(select)
        1    0.000    0.000    0.000    0.000 selectors.py:63(__init__)
        2    0.000    0.000    0.000    0.000 sputils.py:120(get_index_dtype)
        1    0.000    0.000    0.000    0.000 sputils.py:189(isintlike)
        1    0.000    0.000    0.000    0.000 sputils.py:211(isshape)
        1    0.000    0.000    0.000    0.000 sputils.py:268(check_shape)
        3    0.000    0.000    0.000    0.000 sputils.py:281(<genexpr>)
        1    0.000    0.000    0.000    0.000 sputils.py:92(to_native)
        5    0.001    0.000    0.003    0.001 stats.py:5648(rankdata)
       15    0.001    0.000    0.001    0.000 stride_tricks.py:116(_broadcast_to)
       45    0.000    0.000    0.000    0.000 stride_tricks.py:121(<genexpr>)
       15    0.000    0.000    0.001    0.000 stride_tricks.py:143(broadcast_to)
       15    0.000    0.000    0.000    0.000 stride_tricks.py:26(_maybe_view_as_subclass)
        8    0.000    0.000    0.002    0.000 synchronize.py:161(__init__)
        8    0.001    0.000    0.002    0.000 synchronize.py:50(__init__)
        8    0.000    0.000    0.000    0.000 synchronize.py:90(_make_methods)
        2    0.000    0.000    0.000    0.000 synchronize.py:94(__enter__)
        2    0.000    0.000    0.000    0.000 synchronize.py:97(__exit__)
        8    0.000    0.000    0.000    0.000 tempfile.py:281(rng)
        8    0.000    0.000    0.001    0.000 tempfile.py:292(__next__)
        8    0.000    0.000    0.001    0.000 tempfile.py:295(<listcomp>)
        1    0.001    0.001   45.561   45.561 test_experiments.py:5(single_iteration)
        6    0.000    0.000    0.046    0.008 threading.py:1000(join)
       10    0.000    0.000    0.046    0.005 threading.py:1038(_wait_for_tstate_lock)
        4    0.000    0.000    0.000    0.000 threading.py:1080(is_alive)
        6    0.000    0.000    0.000    0.000 threading.py:1104(daemon)
        6    0.000    0.000    0.000    0.000 threading.py:1120(daemon)
       23    0.000    0.000    0.000    0.000 threading.py:1214(current_thread)
       23    0.001    0.000    0.001    0.000 threading.py:216(__init__)
     1813    0.004    0.000    0.007    0.000 threading.py:240(__enter__)
     1813    0.004    0.000    0.005    0.000 threading.py:243(__exit__)
        8    0.000    0.000    0.000    0.000 threading.py:249(_release_save)
        8    0.000    0.000    0.000    0.000 threading.py:252(_acquire_restore)
     1208    0.003    0.000    0.004    0.000 threading.py:255(_is_owned)
        8    0.000    0.000   35.543    4.443 threading.py:264(wait)
     1200    0.007    0.000    0.011    0.000 threading.py:335(notify)
        8    0.000    0.000    0.001    0.000 threading.py:499(__init__)
       24    0.000    0.000    0.000    0.000 threading.py:507(is_set)
        8    0.000    0.000   35.543    4.443 threading.py:534(wait)
        6    0.000    0.000    0.000    0.000 threading.py:728(_newname)
        5    0.000    0.000    0.000    0.000 threading.py:75(RLock)
        6    0.001    0.000    0.001    0.000 threading.py:758(__init__)
        6    0.000    0.000    0.004    0.001 threading.py:829(start)
        6    0.000    0.000    0.000    0.000 threading.py:968(_stop)
        1    0.000    0.000    0.000    0.000 tokenize.py:350(detect_encoding)
        1    0.000    0.000    0.000    0.000 tokenize.py:374(read_or_stop)
        1    0.000    0.000    0.000    0.000 tokenize.py:380(find_cookie)
        1    0.000    0.000    0.000    0.000 tokenize.py:443(open)
        8    0.000    0.000    0.000    0.000 util.py:136(register_after_fork)
        4    0.001    0.000    0.001    0.000 util.py:151(__init__)
        4    0.000    0.000    0.124    0.031 util.py:170(__call__)
        2    0.000    0.000    0.000    0.000 util.py:398(_flush_std_streams)
        4    0.000    0.000    0.000    0.000 util.py:44(sub_debug)
       30    0.000    0.000    0.000    0.000 util.py:48(debug)
     6808    0.050    0.000    0.153    0.000 validation.py:131(_num_samples)
     1237    0.011    0.000    0.153    0.000 validation.py:190(check_consistent_length)
     1237    0.005    0.000    0.055    0.000 validation.py:201(<listcomp>)
       35    0.001    0.000    0.005    0.000 validation.py:208(indexable)
     3663    0.014    0.000    0.021    0.000 validation.py:325(_ensure_no_complex_data)
     3663    0.119    0.000    0.811    0.000 validation.py:332(check_array)
     3663    0.109    0.000    0.407    0.000 validation.py:36(_assert_all_finite)
     1207    0.007    0.000    0.025    0.000 validation.py:734(column_or_1d)
        5    0.000    0.000    0.000    0.000 validation.py:763(check_random_state)
        5    0.000    0.000    0.002    0.000 warnings.py:117(_formatwarnmsg)
     3663    0.017    0.000    0.066    0.000 warnings.py:165(simplefilter)
     3663    0.025    0.000    0.047    0.000 warnings.py:181(_add_filter)
        5    0.000    0.000    0.002    0.000 warnings.py:20(_showwarnmsg_impl)
        5    0.000    0.000    0.002    0.000 warnings.py:35(_formatwarnmsg_impl)
        5    0.000    0.000    0.000    0.000 warnings.py:419(__init__)
     3663    0.011    0.000    0.011    0.000 warnings.py:453(__init__)
     3663    0.022    0.000    0.026    0.000 warnings.py:474(__enter__)
     3663    0.014    0.000    0.016    0.000 warnings.py:493(__exit__)
        5    0.000    0.000    0.002    0.000 warnings.py:96(_showwarnmsg)
        8    0.000    0.000    0.000    0.000 weakref.py:109(remove)
        8    0.000    0.000    0.000    0.000 weakref.py:165(__setitem__)
        8    0.000    0.000    0.000    0.000 weakref.py:336(__new__)
        8    0.000    0.000    0.000    0.000 weakref.py:341(__init__)
        1    0.000    0.000    0.495    0.495 withLabelV3.py:105(predict)
       42    0.000    0.000    0.000    0.000 withLabelV3.py:12(__init__)
        1    0.000    0.000    0.000    0.000 withLabelV3.py:16(source_data)
        1    0.000    0.000    0.002    0.002 withLabelV3.py:34(fit)
        1    0.000    0.000    0.000    0.000 withLabelV3.py:73(<listcomp>)
        1    0.000    0.000    0.002    0.002 withLabelV3.py:74(<listcomp>)
        1    0.001    0.001    0.495    0.495 withLabelV3.py:78(predict)
        1    0.000    0.000    0.494    0.494 withLabelV3.py:80(<listcomp>)
        1    0.000    0.000    0.000    0.000 withLabelV3.py:91(__init__)
        1    0.000    0.000    2.147    2.147 withLabelV3.py:95(fit)
        1    0.000    0.000    3.227    3.227 withoutLabelV3.py:11(fit)
        1    0.000    0.000    0.000    0.000 withoutLabelV3.py:7(__init__)
        1    0.000    0.000    0.328    0.328 withoutLabelV3.py:83(predict)
        9    0.000    0.000    0.000    0.000 {built-in method __new__ of type object at 0x3cc514}
     8664    0.025    0.000    0.053    0.000 {built-in method _abc._abc_instancecheck}
6841/6833    0.017    0.000    0.017    0.000 {built-in method _abc._abc_subclasscheck}
       10    0.000    0.000    0.000    0.000 {built-in method _codecs.utf_8_decode}
        1    0.000    0.000    0.000    0.000 {built-in method _imp._fix_co_filename}
        5    0.000    0.000    0.000    0.000 {built-in method _imp.acquire_lock}
        1    0.000    0.000    0.000    0.000 {built-in method _imp.is_frozen}
        5    0.000    0.000    0.000    0.000 {built-in method _imp.release_lock}
        9    0.000    0.000    0.000    0.000 {built-in method _operator.index}
        2    0.000    0.000    0.000    0.000 {built-in method _struct.pack}
       23    0.000    0.000    0.000    0.000 {built-in method _thread.allocate_lock}
       25    0.000    0.000    0.000    0.000 {built-in method _thread.get_ident}
        6    0.001    0.000    0.001    0.000 {built-in method _thread.start_new_thread}
    10989    0.008    0.000    0.008    0.000 {built-in method _warnings._filters_mutated}
        5    0.000    0.000    0.002    0.000 {built-in method _warnings.warn}
        8    0.000    0.000    0.000    0.000 {built-in method _weakref._remove_dead_weakref}
        1    0.000    0.000    0.000    0.000 {built-in method builtins.__build_class__}
       10    0.000    0.000    0.000    0.000 {built-in method builtins.abs}
       16    0.000    0.000    0.000    0.000 {built-in method builtins.any}
     2593    0.002    0.000    0.002    0.000 {built-in method builtins.callable}
        2    0.000    0.000    0.000    0.000 {built-in method builtins.divmod}
       40    0.002    0.000    0.002    0.000 {built-in method builtins.eval}
      2/1    0.000    0.000   45.561   45.561 {built-in method builtins.exec}
    19576    0.024    0.000    0.024    0.000 {built-in method builtins.getattr}
    61701    0.079    0.000    0.079    0.000 {built-in method builtins.hasattr}
     3308    0.003    0.000    0.003    0.000 {built-in method builtins.id}
    53769    0.065    0.000    0.132    0.000 {built-in method builtins.isinstance}
    11651    0.014    0.000    0.014    0.000 {built-in method builtins.issubclass}
       20    0.000    0.000    0.000    0.000 {built-in method builtins.iter}
    25383    0.021    0.000    0.023    0.000 {built-in method builtins.len}
      617    0.002    0.000    0.002    0.000 {built-in method builtins.max}
       34    0.000    0.000    0.001    0.000 {built-in method builtins.next}
     3657    0.004    0.000    0.004    0.000 {built-in method builtins.setattr}
     1986    0.005    0.000    0.005    0.000 {built-in method builtins.sorted}
        7    0.000    0.000    0.000    0.000 {built-in method builtins.sum}
        3    0.000    0.000    0.000    0.000 {built-in method from_bytes}
        1    0.000    0.000    0.000    0.000 {built-in method from_iterable}
        1    0.000    0.000    0.000    0.000 {built-in method io.open}
        1    0.000    0.000    0.000    0.000 {built-in method marshal.loads}
       37    0.000    0.000    0.000    0.000 {built-in method numpy.arange}
    27223    0.105    0.000    0.106    0.000 {built-in method numpy.array}
        5    0.000    0.000    0.000    0.000 {built-in method numpy.bincount}
      613    0.006    0.000    0.006    0.000 {built-in method numpy.concatenate}
     1232    0.009    0.000    0.009    0.000 {built-in method numpy.copyto}
     4918    0.024    0.000    0.024    0.000 {built-in method numpy.empty}
       20    0.000    0.000    0.000    0.000 {built-in method numpy.geterrobj}
       27    0.000    0.000    0.000    0.000 {built-in method numpy.result_type}
       10    0.000    0.000    0.000    0.000 {built-in method numpy.seterrobj}
       66    0.001    0.000    0.001    0.000 {built-in method numpy.zeros}
        1    0.000    0.000    0.000    0.000 {built-in method posix.WEXITSTATUS}
        1    0.000    0.000    0.000    0.000 {built-in method posix.WIFEXITED}
        2    0.000    0.000    0.000    0.000 {built-in method posix.WIFSIGNALED}
        1    0.000    0.000    0.000    0.000 {built-in method posix.WTERMSIG}
       12    0.000    0.000    0.000    0.000 {built-in method posix.close}
        2    0.008    0.004    0.010    0.005 {built-in method posix.fork}
        3    0.000    0.000    0.000    0.000 {built-in method posix.fspath}
       32    0.000    0.000    0.000    0.000 {built-in method posix.getpid}
        2    0.000    0.000    0.000    0.000 {built-in method posix.kill}
        6    0.000    0.000    0.000    0.000 {built-in method posix.pipe}
        4    0.000    0.000    0.000    0.000 {built-in method posix.stat}
        6    0.008    0.001    0.008    0.001 {built-in method posix.waitpid}
        2    0.000    0.000    0.000    0.000 {built-in method posix.write}
        1    0.000    0.000    0.000    0.000 {built-in method scipy.sparse._sparsetools.coo_todense}
        1    0.000    0.000    0.000    0.000 {built-in method select.poll}
     1978    0.002    0.000    0.002    0.000 {built-in method sys.getrecursionlimit}
        2    0.000    0.000    0.000    0.000 {built-in method time.monotonic}
     3020    0.008    0.000    0.008    0.000 {built-in method time.time}
        1    0.000    0.000    0.000    0.000 {function Random.seed at 0xb51df9c0}
        1    0.000    0.000    0.000    0.000 {method '__array_prepare__' of 'numpy.ndarray' objects}
        2    0.000    0.000    0.000    0.000 {method '__enter__' of '_multiprocessing.SemLock' objects}
     1813    0.003    0.000    0.003    0.000 {method '__enter__' of '_thread.lock' objects}
        2    0.000    0.000    0.000    0.000 {method '__exit__' of '_multiprocessing.SemLock' objects}
     1813    0.002    0.000    0.002    0.000 {method '__exit__' of '_thread.lock' objects}
        2    0.068    0.034    0.068    0.034 {method 'acquire' of '_multiprocessing.SemLock' objects}
        6    0.000    0.000    0.000    0.000 {method 'acquire' of '_thread.RLock' objects}
     1240   35.590    0.029   35.590    0.029 {method 'acquire' of '_thread.lock' objects}
       14    0.000    0.000    0.000    0.000 {method 'add' of 'set' objects}
        7    0.000    0.000    0.000    0.000 {method 'any' of 'numpy.generic' objects}
      608    0.001    0.000    0.001    0.000 {method 'append' of 'collections.deque' objects}
     6691    0.005    0.000    0.005    0.000 {method 'append' of 'list' objects}
      607    0.009    0.000    0.009    0.000 {method 'argmax' of 'numpy.ndarray' objects}
        7    0.000    0.000    0.000    0.000 {method 'argmin' of 'numpy.ndarray' objects}
       10    0.000    0.000    0.000    0.000 {method 'argsort' of 'numpy.ndarray' objects}
       19    0.000    0.000    0.000    0.000 {method 'astype' of 'numpy.ndarray' objects}
        3    0.000    0.000    0.000    0.000 {method 'binomial' of 'mtrand.RandomState' objects}
       64    0.000    0.000    0.000    0.000 {method 'bit_length' of 'int' objects}
        1    0.000    0.000    0.000    0.000 {method 'clear' of 'dict' objects}
     3667    0.005    0.000    0.005    0.000 {method 'copy' of 'dict' objects}
      612    0.004    0.000    0.004    0.000 {method 'copy' of 'numpy.ndarray' objects}
       10    0.000    0.000    0.000    0.000 {method 'cumsum' of 'numpy.ndarray' objects}
        1    0.000    0.000    0.000    0.000 {method 'decode' of 'bytes' objects}
        1    0.000    0.000    0.000    0.000 {method 'disable' of '_lsprof.Profiler' objects}
       10    0.000    0.000    0.000    0.000 {method 'discard' of 'set' objects}
        2    0.000    0.000    0.000    0.000 {method 'dump' of '_pickle.Pickler' objects}
        2    0.000    0.000    0.000    0.000 {method 'endswith' of 'str' objects}
     1210    0.001    0.000    0.001    0.000 {method 'extend' of 'list' objects}
     3671    0.017    0.000    0.017    0.000 {method 'flatten' of 'numpy.ndarray' objects}
        4    0.000    0.000    0.000    0.000 {method 'flush' of '_io.TextIOWrapper' objects}
    11567    0.009    0.000    0.009    0.000 {method 'get' of 'dict' objects}
        2    0.000    0.000    0.000    0.000 {method 'getbuffer' of '_io.BytesIO' objects}
       95    0.000    0.000    0.000    0.000 {method 'getrandbits' of '_random.Random' objects}
       20    0.000    0.000    0.000    0.000 {method 'index' of 'list' objects}
     4263    0.009    0.000    0.009    0.000 {method 'insert' of 'list' objects}
     5934    0.005    0.000    0.005    0.000 {method 'isidentifier' of 'str' objects}
      600    0.004    0.000    0.004    0.000 {method 'item' of 'numpy.generic' objects}
    13410    0.010    0.000    0.010    0.000 {method 'items' of 'dict' objects}
       18    0.000    0.000    0.000    0.000 {method 'join' of 'str' objects}
     1216    6.566    0.005    6.835    0.006 {method 'kernel_density' of 'sklearn.neighbors.kd_tree.BinaryTree' objects}
      610    0.001    0.000    0.001    0.000 {method 'keys' of 'dict' objects}
        6    0.000    0.000    0.000    0.000 {method 'locked' of '_thread.lock' objects}
        2    0.000    0.000    0.000    0.000 {method 'match' of 're.Pattern' objects}
        2    0.000    0.000    0.000    0.000 {method 'max' of 'numpy.ndarray' objects}
      625    0.002    0.000    0.045    0.000 {method 'mean' of 'numpy.ndarray' objects}
        2    0.000    0.000    0.000    0.000 {method 'min' of 'numpy.ndarray' objects}
        1    0.000    0.000    0.000    0.000 {method 'newbyteorder' of 'numpy.dtype' objects}
        5    0.000    0.000    0.000    0.000 {method 'nonzero' of 'numpy.ndarray' objects}
     3200    0.048    0.000    0.048    0.000 {method 'normal' of 'mtrand.RandomState' objects}
      656    0.001    0.000    0.001    0.000 {method 'partition' of 'str' objects}
        1    0.000    0.000    0.000    0.000 {method 'poll' of 'select.poll' objects}
        5    0.000    0.000    0.000    0.000 {method 'pop' of 'dict' objects}
      600    0.001    0.000    0.001    0.000 {method 'pop' of 'list' objects}
      602    0.001    0.000    0.001    0.000 {method 'pop' of 'set' objects}
      600    0.001    0.000    0.001    0.000 {method 'popleft' of 'collections.deque' objects}
        2    0.000    0.000    0.000    0.000 {method 'put' of '_queue.SimpleQueue' objects}
     1213    0.004    0.000    0.004    0.000 {method 'ravel' of 'numpy.ndarray' objects}
        1    0.000    0.000    0.000    0.000 {method 'read' of '_io.FileIO' objects}
        1    0.000    0.000    0.000    0.000 {method 'readline' of '_io.BufferedReader' objects}
        1    0.001    0.001    0.001    0.001 {method 'readlines' of '_io._IOBase' objects}
    11381    0.190    0.000    0.190    0.000 {method 'reduce' of 'numpy.ufunc' objects}
        1    0.000    0.000    0.000    0.000 {method 'register' of 'select.poll' objects}
        6    0.000    0.000    0.000    0.000 {method 'release' of '_thread.RLock' objects}
       14    0.000    0.000    0.000    0.000 {method 'release' of '_thread.lock' objects}
     3663    0.011    0.000    0.011    0.000 {method 'remove' of 'list' objects}
        4    0.000    0.000    0.000    0.000 {method 'remove' of 'set' objects}
        2    0.000    0.000    0.000    0.000 {method 'replace' of 'str' objects}
       27    0.000    0.000    0.000    0.000 {method 'reshape' of 'numpy.ndarray' objects}
     4888    0.009    0.000    0.009    0.000 {method 'rpartition' of 'str' objects}
       14    0.000    0.000    0.000    0.000 {method 'rstrip' of 'str' objects}
        1    0.000    0.000    0.000    0.000 {method 'seek' of '_io.BufferedReader' objects}
     4278    0.029    0.000    0.029    0.000 {method 'sort' of 'numpy.ndarray' objects}
        1    0.000    0.000    0.000    0.000 {method 'startswith' of 'bytes' objects}
     1207    0.003    0.000    0.003    0.000 {method 'startswith' of 'str' objects}
        5    0.000    0.000    0.000    0.000 {method 'strip' of 'str' objects}
      638    0.004    0.000    0.021    0.000 {method 'sum' of 'numpy.ndarray' objects}
       15    0.000    0.000    0.000    0.000 {method 'swapaxes' of 'numpy.ndarray' objects}
     2400    0.032    0.000    0.032    0.000 {method 'take' of 'numpy.ndarray' objects}
      632    0.001    0.000    0.001    0.000 {method 'update' of 'dict' objects}
        7    0.000    0.000    0.000    0.000 {method 'values' of 'dict' objects}
     1978    0.004    0.000    0.004    0.000 {method 'values' of 'mappingproxy' objects}
        5    0.000    0.000    0.000    0.000 {method 'view' of 'numpy.generic' objects}
      125    0.000    0.000    0.001    0.000 {method 'view' of 'numpy.ndarray' objects}
        5    0.000    0.000    0.000    0.000 {method 'write' of '_io.TextIOWrapper' objects}


