/home/smaity/Transfer-learning/without-label-V2/withLabelV3.py:71: RuntimeWarning: divide by zero encountered in log
  self.logpriors_ = np.log(weights)
/home/smaity/Transfer-learning/without-label-V2/withLabelV3.py:71: RuntimeWarning: divide by zero encountered in log
  self.logpriors_ = np.log(weights)
/home/smaity/Transfer-learning/without-label-V2/withLabelV3.py:71: RuntimeWarning: divide by zero encountered in log
  self.logpriors_ = np.log(weights)
/home/smaity/Transfer-learning/without-label-V2/withLabelV3.py:71: RuntimeWarning: divide by zero encountered in log
  self.logpriors_ = np.log(weights)
/home/smaity/Transfer-learning/without-label-V2/withLabelV3.py:71: RuntimeWarning: divide by zero encountered in log
  self.logpriors_ = np.log(weights)
/home/smaity/Transfer-learning/without-label-V2/withLabelV3.py:71: RuntimeWarning: divide by zero encountered in log
  self.logpriors_ = np.log(weights)
/home/smaity/Transfer-learning/without-label-V2/withLabelV3.py:71: RuntimeWarning: divide by zero encountered in log
  self.logpriors_ = np.log(weights)
/home/smaity/Transfer-learning/without-label-V2/withLabelV3.py:71: RuntimeWarning: divide by zero encountered in log
  self.logpriors_ = np.log(weights)
/home/smaity/Transfer-learning/without-label-V2/withLabelV3.py:71: RuntimeWarning: divide by zero encountered in log
  self.logpriors_ = np.log(weights)
/home/smaity/Transfer-learning/without-label-V2/withLabelV3.py:71: RuntimeWarning: divide by zero encountered in log
  self.logpriors_ = np.log(weights)
/home/smaity/Transfer-learning/without-label-V2/withLabelV3.py:71: RuntimeWarning: divide by zero encountered in log
  self.logpriors_ = np.log(weights)
/home/smaity/Transfer-learning/without-label-V2/withLabelV3.py:71: RuntimeWarning: divide by zero encountered in log
  self.logpriors_ = np.log(weights)
/home/smaity/Transfer-learning/without-label-V2/withLabelV3.py:71: RuntimeWarning: divide by zero encountered in log
  self.logpriors_ = np.log(weights)
/home/smaity/Transfer-learning/without-label-V2/withLabelV3.py:71: RuntimeWarning: divide by zero encountered in log
  self.logpriors_ = np.log(weights)
/home/smaity/Transfer-learning/without-label-V2/withLabelV3.py:71: RuntimeWarning: divide by zero encountered in log
  self.logpriors_ = np.log(weights)
/home/smaity/Transfer-learning/without-label-V2/withLabelV3.py:71: RuntimeWarning: divide by zero encountered in log
  self.logpriors_ = np.log(weights)
/home/smaity/Transfer-learning/without-label-V2/withLabelV3.py:71: RuntimeWarning: divide by zero encountered in log
  self.logpriors_ = np.log(weights)
/home/smaity/Transfer-learning/without-label-V2/withLabelV3.py:71: RuntimeWarning: divide by zero encountered in log
  self.logpriors_ = np.log(weights)
/home/smaity/Transfer-learning/without-label-V2/withLabelV3.py:71: RuntimeWarning: divide by zero encountered in log
  self.logpriors_ = np.log(weights)
/home/smaity/Transfer-learning/without-label-V2/withLabelV3.py:71: RuntimeWarning: divide by zero encountered in log
  self.logpriors_ = np.log(weights)
/home/smaity/Transfer-learning/without-label-V2/kdeClassifier.py:32: RuntimeWarning: invalid value encountered in log
  for Xi in training_sets] + np.log(weights)
/home/smaity/Transfer-learning/without-label-V2/kdeClassifier.py:39: RuntimeWarning: invalid value encountered in true_divide
  return result / result.sum(1, keepdims=True)
/home/smaity/Transfer-learning/without-label-V2/kdeClassifier.py:39: RuntimeWarning: invalid value encountered in true_divide
  return result / result.sum(1, keepdims=True)
/home/smaity/Transfer-learning/without-label-V2/kdeClassifier.py:39: RuntimeWarning: invalid value encountered in true_divide
  return result / result.sum(1, keepdims=True)
/home/smaity/Transfer-learning/without-label-V2/kdeClassifier.py:39: RuntimeWarning: invalid value encountered in true_divide
  return result / result.sum(1, keepdims=True)
/home/smaity/Transfer-learning/without-label-V2/kdeClassifier.py:39: RuntimeWarning: invalid value encountered in true_divide
  return result / result.sum(1, keepdims=True)
/home/smaity/Transfer-learning/without-label-V2/kdeClassifier.py:39: RuntimeWarning: invalid value encountered in true_divide
  return result / result.sum(1, keepdims=True)
/home/smaity/Transfer-learning/without-label-V2/kdeClassifier.py:39: RuntimeWarning: invalid value encountered in true_divide
  return result / result.sum(1, keepdims=True)
/home/smaity/Transfer-learning/without-label-V2/kdeClassifier.py:39: RuntimeWarning: invalid value encountered in true_divide
  return result / result.sum(1, keepdims=True)
/home/smaity/Transfer-learning/without-label-V2/kdeClassifier.py:39: RuntimeWarning: invalid value encountered in true_divide
  return result / result.sum(1, keepdims=True)
/home/smaity/Transfer-learning/without-label-V2/kdeClassifier.py:39: RuntimeWarning: invalid value encountered in true_divide
  return result / result.sum(1, keepdims=True)
/home/smaity/Transfer-learning/without-label-V2/kdeClassifier.py:39: RuntimeWarning: invalid value encountered in true_divide
  return result / result.sum(1, keepdims=True)
/home/smaity/Transfer-learning/without-label-V2/kdeClassifier.py:39: RuntimeWarning: invalid value encountered in true_divide
  return result / result.sum(1, keepdims=True)
/home/smaity/Transfer-learning/without-label-V2/kdeClassifier.py:39: RuntimeWarning: invalid value encountered in true_divide
  return result / result.sum(1, keepdims=True)
/home/smaity/Transfer-learning/without-label-V2/kdeClassifier.py:39: RuntimeWarning: invalid value encountered in true_divide
  return result / result.sum(1, keepdims=True)
/home/smaity/Transfer-learning/without-label-V2/kdeClassifier.py:39: RuntimeWarning: invalid value encountered in true_divide
  return result / result.sum(1, keepdims=True)
/home/smaity/Transfer-learning/without-label-V2/kdeClassifier.py:39: RuntimeWarning: invalid value encountered in true_divide
  return result / result.sum(1, keepdims=True)
/home/smaity/Transfer-learning/without-label-V2/kdeClassifier.py:39: RuntimeWarning: invalid value encountered in true_divide
  return result / result.sum(1, keepdims=True)
/home/smaity/Transfer-learning/without-label-V2/kdeClassifier.py:39: RuntimeWarning: invalid value encountered in true_divide
  return result / result.sum(1, keepdims=True)
/home/smaity/Transfer-learning/without-label-V2/kdeClassifier.py:39: RuntimeWarning: invalid value encountered in true_divide
  return result / result.sum(1, keepdims=True)
/home/smaity/Transfer-learning/without-label-V2/kdeClassifier.py:39: RuntimeWarning: invalid value encountered in true_divide
  return result / result.sum(1, keepdims=True)
